<?xml version="1.0" encoding="UTF-8"?>
<!-- Generated by org.testng.reporters.JUnitXMLReporter -->
<testsuite ignored="0" hostname="DESKTOP-175D9K0" failures="1" tests="2" name="Test1" time="19.572" errors="0" timestamp="2024-02-20T12:38:52 IST">
  <testcase classname="testNG.ParallelTest" name="launch" time="6.759"/>
  <testcase classname="testNG.ParallelTest" name="login" time="0.0">
    <failure type="org.testng.TestNGException" message="
Method void testNG.ParallelTest.login(java.lang.String,java.lang.String) throws java.lang.InterruptedException requires a @DataProvider named : TD">
      <![CDATA[org.testng.TestNGException: 
Method void testNG.ParallelTest.login(java.lang.String,java.lang.String) throws java.lang.InterruptedException requires a @DataProvider named : TD
at java.base/java.util.ArrayList.forEach(ArrayList.java:1511)
at java.base/java.util.concurrent.FutureTask.run(FutureTask.java:264)
at java.base/java.util.concurrent.ThreadPoolExecutor.runWorker(ThreadPoolExecutor.java:1136)
at java.base/java.util.concurrent.ThreadPoolExecutor$Worker.run(ThreadPoolExecutor.java:635)
at java.base/java.lang.Thread.run(Thread.java:833)
... Removed 14 stack frames]]>
    </failure>
  </testcase> <!-- login -->
</testsuite> <!-- Test1 -->
