<?xml version="1.0" encoding="UTF-8"?>
<!-- Generated by org.testng.reporters.JUnitXMLReporter -->
<testsuite ignored="0" hostname="DESKTOP-175D9K0" failures="1" tests="1" name="Test" time="19.376" errors="0" timestamp="2024-02-22T15:39:44 IST">
  <testcase classname="testNG.TestCase2" name="login" time="7.425">
    <failure type="java.lang.AssertionError" message="The following asserts failed:
	expected [Dashboard] but found [Dashboar]">
      <![CDATA[java.lang.AssertionError: The following asserts failed:
expected [Dashboard] but found [Dashboar]
at testNG.TestCase2.login(TestCase2.java:37)
at java.base/java.util.ArrayList.forEach(ArrayList.java:1511)
... Removed 29 stack frames]]>
    </failure>
  </testcase> <!-- login -->
</testsuite> <!-- Test -->
