<?xml version="1.0" encoding="UTF-8"?>
<testng-results ignored="0" total="1" passed="1" failed="0" skipped="0">
  <reporter-output>
  </reporter-output>
  <suite started-at="2024-02-28T11:35:34 IST" name="Default suite" finished-at="2024-02-28T11:35:58 IST" duration-ms="24772">
    <groups>
    </groups>
    <test started-at="2024-02-28T11:35:34 IST" name="Default test" finished-at="2024-02-28T11:35:58 IST" duration-ms="24772">
      <class name="dataDriven.TestCase">
        <test-method is-config="true" signature="setup()[pri:0, instance:dataDriven.TestCase@2034b64c]" started-at="2024-02-28T11:35:34 IST" name="setup" finished-at="2024-02-28T11:35:48 IST" duration-ms="14838" status="PASS">
          <reporter-output>
          </reporter-output>
        </test-method> <!-- setup -->
        <test-method signature="login()[pri:0, instance:dataDriven.TestCase@2034b64c]" started-at="2024-02-28T11:35:48 IST" name="login" finished-at="2024-02-28T11:35:58 IST" duration-ms="9388" status="PASS">
          <reporter-output>
          </reporter-output>
        </test-method> <!-- login -->
        <test-method is-config="true" signature="close()[pri:0, instance:dataDriven.TestCase@2034b64c]" started-at="2024-02-28T11:35:58 IST" name="close" finished-at="2024-02-28T11:35:58 IST" duration-ms="432" status="PASS">
          <reporter-output>
          </reporter-output>
        </test-method> <!-- close -->
      </class> <!-- dataDriven.TestCase -->
    </test> <!-- Default test -->
  </suite> <!-- Default suite -->
</testng-results>
